<?xml version="1.0" encoding="UTF-8"?>
<!-- Generated by org.testng.reporters.JUnitReportReporter -->
<testsuite hostname="DESKTOP-QQ68DP0" failures="0" tests="1" name="runner.TestRunner" time="9.004" errors="0" timestamp="2023-09-25T16:25:59 EDT" skipped="0">
  <testcase classname="runner.TestRunner" name="runScenario" time="9.004"/>
  <system-out/>
</testsuite> <!-- runner.TestRunner -->
